<?xml version="1.0" encoding="UTF-8"?>
<!-- Generated by org.testng.reporters.JUnitXMLReporter -->
<testsuite ignored="0" hostname="WKWIN4496580" failures="0" tests="1" name="Test in chrome" time="0.037" errors="0" timestamp="2022-07-05T09:26:44 IST">
  <testcase classname="Tests.DemoButtonTest" name="@BeforeClass setup" time="0.008">
    <failure type="java.lang.AssertionError" message="Invalid BrowserName">
      <![CDATA[java.lang.AssertionError: Invalid BrowserName
at Utilis.WebDriverManager.launchBrowser(WebDriverManager.java:22)
at Tests.DemoButtonTest.setup(DemoButtonTest.java:25)
at java.base/java.util.ArrayList.forEach(ArrayList.java:1511)
... Removed 26 stack frames]]>
    </failure>
  </testcase> <!-- @BeforeClass setup -->
  <testcase classname="Tests.DemoButtonTest" name="@AfterClass tearDown" time="-1.656993404112E9">
    <skipped/>
  </testcase> <!-- @AfterClass tearDown -->
  <testcase classname="Tests.DemoButtonTest" name="demoButtonTest" time="0.0">
    <skipped/>
  </testcase> <!-- demoButtonTest -->
</testsuite> <!-- Test in chrome -->
