<?xml version="1.0" encoding="UTF-8"?>
<testng-results ignored="0" total="1" passed="0" failed="1" skipped="0">
  <reporter-output>
    <line>
      <![CDATA[Step-1:Navigating to the demoButton Clicking on the DemoButton]]>
    </line>
    <line>
      <![CDATA[Step-2:-Passing the Details into RequestForm]]>
    </line>
    <line>
      <![CDATA[Step-3:Clicking on the submit button and Waiting until Thankyou message]]>
    </line>
    <line>
      <![CDATA[Step-4:Providing an Wait to load the PopUp ThankYou message and Performing assertion operation]]>
    </line>
  </reporter-output>
  <suite started-at="2022-07-12T10:51:39 IST" name="Default suite" finished-at="2022-07-12T10:52:14 IST" duration-ms="34582">
    <groups>
    </groups>
    <test started-at="2022-07-12T10:51:39 IST" name="Default test" finished-at="2022-07-12T10:52:14 IST" duration-ms="34582">
      <class name="Tests.DemoButtonTest">
        <test-method is-config="true" signature="reportgen()[pri:0, instance:Tests.DemoButtonTest@a530d0a]" started-at="2022-07-12T10:51:39 IST" name="reportgen" finished-at="2022-07-12T10:51:39 IST" duration-ms="150" status="PASS">
          <reporter-output>
          </reporter-output>
        </test-method> <!-- reportgen -->
        <test-method is-config="true" signature="setup()[pri:0, instance:Tests.DemoButtonTest@a530d0a]" started-at="2022-07-12T10:51:39 IST" name="setup" finished-at="2022-07-12T10:51:45 IST" duration-ms="5510" status="PASS">
          <reporter-output>
          </reporter-output>
        </test-method> <!-- setup -->
        <test-method is-config="true" signature="preReq()[pri:0, instance:Tests.DemoButtonTest@a530d0a]" started-at="2022-07-12T10:51:45 IST" name="preReq" finished-at="2022-07-12T10:51:45 IST" duration-ms="5" status="PASS">
          <reporter-output>
          </reporter-output>
        </test-method> <!-- preReq -->
        <test-method signature="demoButtonTest()[pri:0, instance:Tests.DemoButtonTest@a530d0a]" started-at="2022-07-12T10:51:45 IST" name="demoButtonTest" finished-at="2022-07-12T10:52:14 IST" duration-ms="28863" status="FAIL">
          <exception class="java.lang.AssertionError">
            <message>
              <![CDATA[expected [Thank you!] but found []]]>
            </message>
            <full-stacktrace>
              <![CDATA[java.lang.AssertionError: expected [Thank you!] but found []
at org.testng.Assert.fail(Assert.java:99)
at org.testng.Assert.failNotEquals(Assert.java:1037)
at org.testng.Assert.assertEqualsImpl(Assert.java:140)
at org.testng.Assert.assertEquals(Assert.java:122)
at org.testng.Assert.assertEquals(Assert.java:629)
at org.testng.Assert.assertEquals(Assert.java:639)
at Tests.DemoButtonTest.demoButtonTest(DemoButtonTest.java:127)
at java.base/jdk.internal.reflect.NativeMethodAccessorImpl.invoke0(Native Method)
at java.base/jdk.internal.reflect.NativeMethodAccessorImpl.invoke(NativeMethodAccessorImpl.java:77)
at java.base/jdk.internal.reflect.DelegatingMethodAccessorImpl.invoke(DelegatingMethodAccessorImpl.java:43)
at java.base/java.lang.reflect.Method.invoke(Method.java:568)
at org.testng.internal.MethodInvocationHelper.invokeMethod(MethodInvocationHelper.java:133)
at org.testng.internal.TestInvoker.invokeMethod(TestInvoker.java:598)
at org.testng.internal.TestInvoker.invokeTestMethod(TestInvoker.java:173)
at org.testng.internal.MethodRunner.runInSequence(MethodRunner.java:46)
at org.testng.internal.TestInvoker$MethodInvocationAgent.invoke(TestInvoker.java:824)
at org.testng.internal.TestInvoker.invokeTestMethods(TestInvoker.java:146)
at org.testng.internal.TestMethodWorker.invokeTestMethods(TestMethodWorker.java:146)
at org.testng.internal.TestMethodWorker.run(TestMethodWorker.java:128)
at java.base/java.util.ArrayList.forEach(ArrayList.java:1511)
at org.testng.TestRunner.privateRun(TestRunner.java:794)
at org.testng.TestRunner.run(TestRunner.java:596)
at org.testng.SuiteRunner.runTest(SuiteRunner.java:377)
at org.testng.SuiteRunner.runSequentially(SuiteRunner.java:371)
at org.testng.SuiteRunner.privateRun(SuiteRunner.java:332)
at org.testng.SuiteRunner.run(SuiteRunner.java:276)
at org.testng.SuiteRunnerWorker.runSuite(SuiteRunnerWorker.java:53)
at org.testng.SuiteRunnerWorker.run(SuiteRunnerWorker.java:96)
at org.testng.TestNG.runSuitesSequentially(TestNG.java:1212)
at org.testng.TestNG.runSuitesLocally(TestNG.java:1134)
at org.testng.TestNG.runSuites(TestNG.java:1063)
at org.testng.TestNG.run(TestNG.java:1031)
at org.testng.remote.AbstractRemoteTestNG.run(AbstractRemoteTestNG.java:115)
at org.testng.remote.RemoteTestNG.initAndRun(RemoteTestNG.java:251)
at org.testng.remote.RemoteTestNG.main(RemoteTestNG.java:77)
]]>
            </full-stacktrace>
          </exception> <!-- java.lang.AssertionError -->
          <reporter-output>
            <line>
              <![CDATA[Step-1:Navigating to the demoButton Clicking on the DemoButton]]>
            </line>
            <line>
              <![CDATA[Step-2:-Passing the Details into RequestForm]]>
            </line>
            <line>
              <![CDATA[Step-3:Clicking on the submit button and Waiting until Thankyou message]]>
            </line>
            <line>
              <![CDATA[Step-4:Providing an Wait to load the PopUp ThankYou message and Performing assertion operation]]>
            </line>
          </reporter-output>
        </test-method> <!-- demoButtonTest -->
        <test-method is-config="true" signature="tearDown()[pri:0, instance:Tests.DemoButtonTest@a530d0a]" started-at="2022-07-12T10:52:14 IST" name="tearDown" finished-at="2022-07-12T10:52:14 IST" duration-ms="155" status="PASS">
          <reporter-output>
          </reporter-output>
        </test-method> <!-- tearDown -->
        <test-method is-config="true" signature="report()[pri:0, instance:Tests.DemoButtonTest@a530d0a]" started-at="2022-07-12T10:52:14 IST" name="report" finished-at="2022-07-12T10:52:14 IST" duration-ms="205" status="PASS">
          <reporter-output>
          </reporter-output>
        </test-method> <!-- report -->
      </class> <!-- Tests.DemoButtonTest -->
    </test> <!-- Default test -->
  </suite> <!-- Default suite -->
</testng-results>
